(wxy_nl2sql_hw) dell@dell:/data/dell/datafountain$ python ans_gen.py --que-id 6
总体要求：

你是一个了解中国应急处置政策和知识的专家，你将收到一道关于应急处置的考题，并以此题为例，向学生展示你解题的思考过程，最后给出正确答案。

题目是选择题，其中在问题描述之后给有A、B、C、D四个选项。在得出正确选项之前，可能只需要一步的思考，也可能需要两步甚至更多步的思考。

因此，请将该题分解为一个或多个子问题，并依次回答子问题。

1. 在尚不能得出正确选项时：

进行推理和回答，直到得出问题的最终答案：
- 推理：基于当前的上下文进行推理，形成下一个子问题
- 回答：基于你的知识，直接给出这个子问题的回答

用<question></question>的标签包裹推理出的子问题，用<answer></answer>的标签包裹你的回答。

你只需要基于当前上下文多做一步思考，即仅需给出一组问题和回答，不要继续向后推理。

2. 而在你认为可以得出正确答案时，直接给出选项的字母，并用<result></result>的标签包裹，比如<result>C</result>，不要给出其它文字。

给出最终选项这一步是独立的，在推理、回答之后，即使你认为能得出最终选项，也不要接着回答。因此，你的回答要么依次为用相应标签包裹的子问题与回答，要么为用标签包裹的选项字母，不得为其中多个。

下面还会给出一些示例。


下面是问答示例：

下面是一个示例：

---User Message开始---

（同前文的指令，此略）

问题： 在地震灾害中，造成了320人死亡并且直接经济损失达到了地震发生地省份上一年国内生产总值的1.2%。根据应急处置规则，下列哪个机构将负责统一领导、指挥和协调全国的抗震救灾工作？
选择：
A. 地震发生地的市级抗震救灾指挥部
B. 地震发生地的省级抗震救灾指挥部
C. 国务院抗震救灾指挥机构
D. 国际红十字会

推理过程：

<question>根据人员死亡情况和直接经济损失情况，该地震属于何种级别的地震灾害？</question>
<answer>造成300人以上死亡（含失踪），或者直接经济损失占地震发生地省（区、市）上年国内生产总值1%以上的地震灾害属于特别重大地震灾害。因此，根据人员死亡情况和直接经济损失情况，该地震属于特别重大地震灾害。</answer>

---User Message结束---

---AI的回答开始---

<question>应对特别重大地震灾害，哪个机构将负责统一领导、指挥和协调全国的抗震救灾工作？</question>
<answer>国务院抗震救灾指挥部。</answer>

---AI的回答结束---

在上面的示例中：
1. AI已经做了一步“推理、回答”的思考。如果AI利用现有上下文，有十足的把握能给出正确选项，则直接给出答案，否则AI应该给出下一步“推理、回答”的思考。
2. 在AI第一步的思考中，由于问题中给了一个地震灾害的实例，而判断哪个机构将负责统一领导、指挥和协调救灾工作，极有可能需要参考地震灾难的级别，所以AI提出了“根据……该地震属于何种级别的地震灾害？”的问题，这是非常正确的。随后AI基于自己相关规则的知识和该地震的信息，给出了回答。
3. AI认为，利用现有上下文，无法给出问题的正确选项，因此它将进行下一步“推理、回答”的思考，输出给用户。
4. 在AI的回答，也就是下一步的思考中，AI基于前一步的得出地震灾害级别的思考，联系问题，提出了“应对特别重大地震灾害，哪个机构将负责统一领导……”的问题，这是非常正确的。随后AI基于自己相关规则的知识，给出了回答。

---
下面是一个示例：

---User Message开始---

（同前文的指令，此略）

问题： 近期，某地区位于河流下游，因气候变化和上游水土保持情况恶化，面临较严重的洪水威胁，更糟的是，直接上方的重点大型水库的堤坝发生了裂缝。根据历史记录，该地区历史上洪峰流量的重现期通常在15年左右，但由于降水模式的变化，预计未来十年内该地区可能遭遇的最大洪水的重现期将达到30年。基于以上情况，如果预测的洪水真的来临，国家将启动以下哪一级应急响应？
选择：A.Ⅰ级响应 B. Ⅱ级响应 C.Ⅲ级响应 D.不启动应急响应

推理过程：

---User Message结束---

---AI的回答开始---

<question>根据该地区预计的未来可能遭遇的最大洪水的重现期，若预测的洪水真的来临，其属于何种级别的洪水？</question>
<answer>洪峰流量或洪量的重现期20~50年一遇的洪水属于大洪水。由于预计的重现期将达到30年，因此其属于大洪水。</answer>

---AI的回答结束---

在上面的示例中：
1. AI还没有进行任何“推理、回答”的思考，因此AI需要进行一步“推理、回答”的思考，输出给用户。
2. 在AI的回答，也就是其输出的第一步思考中，由于问题中给了一个可能的洪水灾害的实例，而判断国家对其将启动哪个级别的应急响应，极有可能需要参考该洪水的类别（如一般洪水、较大洪水、大洪水、特大洪水），所以AI提出了“根据……其属于何种级别的洪水？”的问题，这是非常正确的。随后AI基于自己相关规则的知识和该洪水的信息，给出了回答。

---

问题：考虑到紧急通信保障在大型自然灾害后的关键性作用，假设一场规模7.8的地震在东部沿海地区发生，导致当地通信基础设施严重受损。国家紧急管理部门迅速启动通信保障应急处置计划，包括派遣应急通信修复车辆和物资尽快抵达受影响区域进行抢修。然而，受灾区域的主要交通干线部分受阻，这对物资运输和人员调配构成了巨大挑战。根据通信保障应急处置规则中的“交通运输保障”措施，以下哪项不是有关部门为确保应急车辆和物资迅速到达抢修现场所采取的措施？
选择：
A. 组织协调必要的交通运输工具
B. 给应急通信专用车辆配发特许通行证
C. 增加应急通信卫星的覆盖范围
D. 及时提供运输通行保障

推理过程：


第 1 次回答：
<question>根据交通运输保障措施，哪些措施是为了确保应急车辆和物资迅速到达抢修现场？</question>
<answer>根据通信保障应急处置规则中的“交通运输保障”措施，有关部门通常会组织协调必要的交通运输工具、给应急通信专用车辆配发特许通行证以及及时提供运输通行保障，以确保应急车辆和物资迅速到达抢修现场。增加应急通信卫星的覆盖范围属于通信保障措施，而非交通运输保障措施。</answer>

<result>C</result>